<?xml version='1.0' encoding='UTF-8'?>
<testsuite hostname="DESKTOP-62LQ6GO" name="com.lightbend.training.scalatrain.TrainSpec" tests="2" errors="0" failures="0" skipped="0" time="0.031" timestamp="2020-05-10T15:13:18">
                     <properties>
[...]
</properties>
                     <testcase classname="com.lightbend.training.scalatrain.TrainSpec" name="Creating a Train should throw an IllegalArgumentException for a schedule with 0 or 1 elements" time="0.031">
                                                 
                                               </testcase><testcase classname="com.lightbend.training.scalatrain.TrainSpec" name="stations should be initialized correctly" time="0.0">
                                                 
                                               </testcase>
                     <system-out><![CDATA[]]></system-out>
                     <system-err><![CDATA[]]></system-err>
                   </testsuite>